Build started 7/18/2011 2:09:37 PM.
     1>Project "C:\Users\nnesic\Desktop\ActiveLighting_2\jpgd03b\jpg2tga\jpg2tga.vcxproj" on node 3 (build target(s)).
     1>InitializeBuildStatus:
         Creating ".\Release\jpg2tga.unsuccessfulbuild" because "AlwaysCreate" was specified.
       ClCompile:
         c:\Program Files (x86)\Microsoft Visual Studio 10.0\VC\bin\CL.exe /c /I..\inc /Zi /nologo- /W3 /WX- /O2 /Ob1 /Oy- /D NDEBUG /D WIN32 /D _CONSOLE /D _USE_NON_INTEL_COMPILER /D _VC80_UPGRADE=0x0600 /D _MBCS /GF /Gm- /EHsc /MT /GS /Gy /fp:precise /Zc:wchar_t /Zc:forScope /Fo".\Release\\" /Fd".\Release\vc100.pdb" /Gd /TP /analyze- /errorReport:prompt jpg2tga.cpp writetga.cpp
         Microsoft (R) 32-bit C/C++ Optimizing Compiler Version 16.00.30319.01 for 80x86
         Copyright (C) Microsoft Corporation.  All rights reserved.
         
         cl /c /I..\inc /Zi /nologo- /W3 /WX- /O2 /Ob1 /Oy- /D NDEBUG /D WIN32 /D _CONSOLE /D _USE_NON_INTEL_COMPILER /D _VC80_UPGRADE=0x0600 /D _MBCS /GF /Gm- /EHsc /MT /GS /Gy /fp:precise /Zc:wchar_t /Zc:forScope /Fo".\Release\\" /Fd".\Release\vc100.pdb" /Gd /TP /analyze- /errorReport:prompt jpg2tga.cpp writetga.cpp
     1>cl : Command line warning D9035: option 'nologo-' has been deprecated and will be removed in a future release
         
         jpg2tga.cpp
     1>C:\Users\nnesic\Desktop\ActiveLighting_2\jpgd03b\inc\jpegdecoder.h(277): warning C4996: 'fopen': This function or variable may be unsafe. Consider using fopen_s instead. To disable deprecation, use _CRT_SECURE_NO_WARNINGS. See online help for details.
                 c:\Program Files (x86)\Microsoft Visual Studio 10.0\VC\include\stdio.h(234) : see declaration of 'fopen'
         writetga.cpp
     1>writetga.cpp(62): warning C4996: 'fopen': This function or variable may be unsafe. Consider using fopen_s instead. To disable deprecation, use _CRT_SECURE_NO_WARNINGS. See online help for details.
                 c:\Program Files (x86)\Microsoft Visual Studio 10.0\VC\include\stdio.h(234) : see declaration of 'fopen'
         Generating Code...
     1>C:\Program Files (x86)\MSBuild\Microsoft.Cpp\v4.0\Microsoft.CppBuild.targets(990,5): warning MSB8012: TargetPath(C:\Users\nnesic\Desktop\ActiveLighting_2\jpgd03b\jpg2tga\.\Release\jpg2tga.exe) does not match the Linker's OutputFile property value (C:\Users\nnesic\Desktop\ActiveLighting_2\jpgd03b\bin\jpg2tga.exe). This may cause your project to build incorrectly. To correct this, please make sure that $(OutDir), $(TargetName) and $(TargetExt) property values match the value specified in %(Link.OutputFile).
       Link:
         c:\Program Files (x86)\Microsoft Visual Studio 10.0\VC\bin\link.exe /ERRORREPORT:PROMPT /OUT:"../bin/jpg2tga.exe" /INCREMENTAL:NO odbc32.lib odbccp32.lib kernel32.lib user32.lib gdi32.lib winspool.lib comdlg32.lib advapi32.lib shell32.lib ole32.lib oleaut32.lib uuid.lib odbc32.lib odbccp32.lib /MANIFEST /ManifestFile:".\Release\jpg2tga.exe.intermediate.manifest" /MANIFESTUAC:"level='asInvoker' uiAccess='false'" /PDB:"C:\Users\nnesic\Desktop\ActiveLighting_2\jpgd03b\jpg2tga\Release\jpg2tga.pdb" /SUBSYSTEM:CONSOLE /TLBID:1 /DYNAMICBASE /NXCOMPAT /IMPLIB:".\Release\jpg2tga.lib" /MACHINE:X86 .\Release\jpg2tga.obj
         .\Release\writetga.obj
         Microsoft (R) Incremental Linker Version 10.00.30319.01
         Copyright (C) Microsoft Corporation.  All rights reserved.
         
         "/OUT:../bin/jpg2tga.exe" /INCREMENTAL:NO odbc32.lib odbccp32.lib kernel32.lib user32.lib gdi32.lib winspool.lib comdlg32.lib advapi32.lib shell32.lib ole32.lib oleaut32.lib uuid.lib odbc32.lib odbccp32.lib /MANIFEST "/ManifestFile:.\Release\jpg2tga.exe.intermediate.manifest" "/MANIFESTUAC:level='asInvoker' uiAccess='false'" "/PDB:C:\Users\nnesic\Desktop\ActiveLighting_2\jpgd03b\jpg2tga\Release\jpg2tga.pdb" /SUBSYSTEM:CONSOLE /TLBID:1 /DYNAMICBASE /NXCOMPAT "/IMPLIB:.\Release\jpg2tga.lib" /MACHINE:X86 .\Release\jpg2tga.obj 
         .\Release\writetga.obj 
     1>jpg2tga.obj : error LNK2019: unresolved external symbol "public: __thiscall jpeg_decoder::~jpeg_decoder(void)" (??1jpeg_decoder@@QAE@XZ) referenced in function "public: void * __thiscall jpeg_decoder::`scalar deleting destructor'(unsigned int)" (??_Gjpeg_decoder@@QAEPAXI@Z)
     1>jpg2tga.obj : error LNK2019: unresolved external symbol "public: int __thiscall jpeg_decoder::decode(void * *,unsigned int *)" (?decode@jpeg_decoder@@QAEHPAPAXPAI@Z) referenced in function _main
     1>jpg2tga.obj : error LNK2019: unresolved external symbol "public: int __thiscall jpeg_decoder::begin(void)" (?begin@jpeg_decoder@@QAEHXZ) referenced in function _main
     1>jpg2tga.obj : error LNK2019: unresolved external symbol "public: __thiscall jpeg_decoder::jpeg_decoder(class jpeg_decoder_stream *,bool)" (??0jpeg_decoder@@QAE@PAVjpeg_decoder_stream@@_N@Z) referenced in function _main
     1>../bin/jpg2tga.exe : fatal error LNK1120: 4 unresolved externals
     1>Done Building Project "C:\Users\nnesic\Desktop\ActiveLighting_2\jpgd03b\jpg2tga\jpg2tga.vcxproj" (build target(s)) -- FAILED.

Build FAILED.

Time Elapsed 00:00:01.10
