Build started 7/18/2011 2:08:33 PM.
     1>Project "C:\Users\nnesic\Desktop\ActiveLighting_2\jpgd03b\jpgdlib\jpgdlib.vcxproj" on node 2 (build target(s)).
     1>InitializeBuildStatus:
         Touching ".\Debug\jpgdlib.unsuccessfulbuild".
       ClCompile:
         c:\Program Files (x86)\Microsoft Visual Studio 10.0\VC\bin\CL.exe /c /I..\inc /ZI /nologo- /W3 /WX- /Od /Oy- /D _DEBUG /D WIN32 /D _WINDOWS /D _USE_NON_INTEL_COMPILER /D _VC80_UPGRADE=0x0600 /Gm /EHsc /RTC1 /MTd /GS /Gy- /fp:precise /Zc:wchar_t /Zc:forScope /Fo".\Debug\\" /Fd".\Debug\vc100.pdb" /Gd /TP /analyze- /errorReport:prompt jpegdecoder.cpp
         Microsoft (R) 32-bit C/C++ Optimizing Compiler Version 16.00.30319.01 for 80x86
         Copyright (C) Microsoft Corporation.  All rights reserved.
         
         cl /c /I..\inc /ZI /nologo- /W3 /WX- /Od /Oy- /D _DEBUG /D WIN32 /D _WINDOWS /D _USE_NON_INTEL_COMPILER /D _VC80_UPGRADE=0x0600 /Gm /EHsc /RTC1 /MTd /GS /Gy- /fp:precise /Zc:wchar_t /Zc:forScope /Fo".\Debug\\" /Fd".\Debug\vc100.pdb" /Gd /TP /analyze- /errorReport:prompt jpegdecoder.cpp
     1>cl : Command line warning D9035: option 'nologo-' has been deprecated and will be removed in a future release
         
         jpegdecoder.cpp
     1>c:\users\nnesic\desktop\activelighting_2\jpgd03b\inc\jpegdecoder.h(277): warning C4996: 'fopen': This function or variable may be unsafe. Consider using fopen_s instead. To disable deprecation, use _CRT_SECURE_NO_WARNINGS. See online help for details.
                 c:\program files (x86)\microsoft visual studio 10.0\vc\include\stdio.h(234) : see declaration of 'fopen'
     1>C:\Program Files (x86)\MSBuild\Microsoft.Cpp\v4.0\Microsoft.CppBuild.targets(1151,5): warning MSB8012: TargetPath(C:\Users\nnesic\Desktop\ActiveLighting_2\jpgd03b\jpgdlib\.\Debug\jpgdlib.lib) does not match the Library's OutputFile property value (C:\Users\nnesic\Desktop\ActiveLighting_2\jpgd03b\lib\jpgdlib_d.lib). This may cause your project to build incorrectly. To correct this, please make sure that $(OutDir), $(TargetName) and $(TargetExt) property values match the value specified in %(Lib.OutputFile).
     1>C:\Program Files (x86)\MSBuild\Microsoft.Cpp\v4.0\Microsoft.CppBuild.targets(1153,5): warning MSB8012: TargetName(jpgdlib) does not match the Library's OutputFile property value (jpgdlib_d). This may cause your project to build incorrectly. To correct this, please make sure that $(OutDir), $(TargetName) and $(TargetExt) property values match the value specified in %(Lib.OutputFile).
       Lib:
         c:\Program Files (x86)\Microsoft Visual Studio 10.0\VC\bin\Lib.exe /OUT:"..\lib\jpgdlib_d.lib" /NOLOGO .\Debug\h2v2.obj
         .\Debug\idct.obj
         .\Debug\jidctfst.obj
         .\Debug\jpegdecoder.obj
         jpgdlib.vcxproj -> C:\Users\nnesic\Desktop\ActiveLighting_2\jpgd03b\jpgdlib\.\Debug\jpgdlib.lib
       FinalizeBuildStatus:
         Deleting file ".\Debug\jpgdlib.unsuccessfulbuild".
         Touching ".\Debug\jpgdlib.lastbuildstate".
     1>Done Building Project "C:\Users\nnesic\Desktop\ActiveLighting_2\jpgd03b\jpgdlib\jpgdlib.vcxproj" (build target(s)).

Build succeeded.

Time Elapsed 00:00:00.90
